<?xml version="1.0" encoding="UTF-8"?>
<robot generator="Robot 7.1.1 (Python 3.12.8 on darwin)" generated="2025-01-09T16:01:46.102947" rpa="false" schemaversion="5">
<suite id="s1" name="Tests" source="/Users/mustafa/PycharmProjects/PythonProject/PythonProject/PythonProject/TestWithRobot.com/tests">
<suite id="s1-s1" name="ErsterFall" source="/Users/mustafa/PycharmProjects/PythonProject/PythonProject/PythonProject/TestWithRobot.com/tests/ErsterFall.robot">
<test id="s1-s1-t1" name="Test Open Browser" line="5">
<kw name="Open Browser" owner="SeleniumLibrary">
<msg time="2025-01-09T16:01:46.209349" level="INFO">Opening browser 'chrome' to base url 'https://www.google.com'.</msg>
<arg>https://www.google.com</arg>
<arg>chrome</arg>
<doc>Opens a new browser instance to the optional ``url``.</doc>
<status status="PASS" start="2025-01-09T16:01:46.209175" elapsed="22.440779"/>
</kw>
<kw name="Sleep" owner="BuiltIn">
<msg time="2025-01-09T16:02:13.652571" level="INFO">Slept 5 seconds.</msg>
<arg>5 seconds</arg>
<doc>Pauses the test executed for the given time.</doc>
<status status="PASS" start="2025-01-09T16:02:08.650389" elapsed="5.002677"/>
</kw>
<kw name="Close Browser" owner="SeleniumLibrary">
<doc>Closes the current browser.</doc>
<status status="PASS" start="2025-01-09T16:02:13.654022" elapsed="0.086304"/>
</kw>
<status status="PASS" start="2025-01-09T16:01:46.208459" elapsed="27.532078"/>
</test>
<status status="PASS" start="2025-01-09T16:01:46.121857" elapsed="27.619027"/>
</suite>
<status status="PASS" start="2025-01-09T16:01:46.103983" elapsed="27.637261"/>
</suite>
<statistics>
<total>
<stat pass="1" fail="0" skip="0">All Tests</stat>
</total>
<tag>
</tag>
<suite>
<stat pass="1" fail="0" skip="0" id="s1" name="Tests">Tests</stat>
<stat pass="1" fail="0" skip="0" id="s1-s1" name="ErsterFall">Tests.ErsterFall</stat>
</suite>
</statistics>
<errors>
</errors>
</robot>
